<?xml version="1.0" encoding="UTF-8"?>
<testng-results ignored="0" total="1" passed="1" failed="0" skipped="0">
  <reporter-output>
  </reporter-output>
  <suite started-at="2025-12-22T01:13:57 IST" name="Default suite" finished-at="2025-12-22T01:14:04 IST" duration-ms="6749">
    <groups>
    </groups>
    <test started-at="2025-12-22T01:13:57 IST" name="Default test" finished-at="2025-12-22T01:14:04 IST" duration-ms="6749">
      <class name="demo.GoogleTest">
        <test-method signature="openGoogle()[pri:0, instance:demo.GoogleTest@71a8adcf]" started-at="2025-12-22T01:13:57 IST" name="openGoogle" finished-at="2025-12-22T01:14:04 IST" duration-ms="6609" status="PASS">
          <reporter-output>
          </reporter-output>
        </test-method> <!-- openGoogle -->
      </class> <!-- demo.GoogleTest -->
    </test> <!-- Default test -->
  </suite> <!-- Default suite -->
</testng-results>
